
**** Build of configuration Nios II for project hello_world ****

make all 
      1 [main] sh 4332 find_fast_cwd: WARNING: Couldn't compute FAST_CWD pointer.  Please report this problem to
the public mailing list cygwin@cygwin.com
      0 [main] sh 4732 find_fast_cwd: WARNING: Couldn't compute FAST_CWD pointer.  Please report this problem to
the public mailing list cygwin@cygwin.com
      1 [main] echo 4148 find_fast_cwd: WARNING: Couldn't compute FAST_CWD pointer.  Please report this problem to
Info: Building ../hello_world_bsp/
the public mailing list cygwin@cygwin.com
make --no-print-directory -C ../hello_world_bsp/
      0 [main] pwd 10712 find_fast_cwd: WARNING: Couldn't compute FAST_CWD pointer.  Please report this problem to
the public mailing list cygwin@cygwin.com
      0 [main] sh 9080 find_fast_cwd: WARNING: Couldn't compute FAST_CWD pointer.  Please report this problem to
the public mailing list cygwin@cygwin.com
      1 [main] sh 7420 find_fast_cwd: WARNING: Couldn't compute FAST_CWD pointer.  Please report this problem to
the public mailing list cygwin@cygwin.com
[BSP build complete]
      0 [main] echo 2012 find_fast_cwd: WARNING: Couldn't compute FAST_CWD pointer.  Please report this problem to
Info: Compiling count_binary.c to obj/default/count_binary.o
the public mailing list cygwin@cygwin.com
      0 [main] mkdir 10616 find_fast_cwd: WARNING: Couldn't compute FAST_CWD pointer.  Please report this problem to
nios2-elf-gcc -xc -MP -MMD -c -I../hello_world_bsp//HAL/inc -I../hello_world_bsp/ -I../hello_world_bsp//drivers/inc  -DSYSTEM_BUS_WIDTH=32 -pipe -D__hal__ -DALT_NO_INSTRUCTION_EMULATION -DALT_SINGLE_THREADED    -O0 -g -Wall   -EL -mno-hw-div -mhw-mul -mno-hw-mulx  -o obj/default/count_binary.o count_binary.c
the public mailing list cygwin@cygwin.com
count_binary.c: In function 'count_lcd':
count_binary.c:233: warning: unused variable 'lcd'
      0 [main] true 7232 find_fast_cwd: WARNING: Couldn't compute FAST_CWD pointer.  Please report this problem to
Info: Linking hello_world.elf
the public mailing list cygwin@cygwin.com
nios2-elf-g++  -T'../hello_world_bsp//linker.x' -msys-crt0='../hello_world_bsp//obj/HAL/src/crt0.o' -msys-lib=hal_bsp -L../hello_world_bsp/   -Wl,-Map=hello_world.map   -O0 -g -Wall   -EL -mno-hw-div -mhw-mul -mno-hw-mulx  -o hello_world.elf obj/default/count_binary.o -lm 
      1 [main] echo 5464 find_fast_cwd: WARNING: Couldn't compute FAST_CWD pointer.  Please report this problem to
the public mailing list cygwin@cygwin.com
d:/altera/13.0sp1/nios2eds/bin/gnu/h-i686-mingw32/bin/../lib/gcc/nios2-elf/4.1.2/../../../../nios2-elf/bin/ld.exe: hello_world.elf section `.text' will not fit in region `onchip_memory2'
d:/altera/13.0sp1/nios2eds/bin/gnu/h-i686-mingw32/bin/../lib/gcc/nios2-elf/4.1.2/../../../../nios2-elf/bin/ld.exe: address 0x16984 of hello_world.elf section `.rwdata' is not within region `onchip_memory2'
d:/altera/13.0sp1/nios2eds/bin/gnu/h-i686-mingw32/bin/../lib/gcc/nios2-elf/4.1.2/../../../../nios2-elf/bin/ld.exe: address 0x186d4 of hello_world.elf section `.bss' is not within region `onchip_memory2'
d:/altera/13.0sp1/nios2eds/bin/gnu/h-i686-mingw32/bin/../lib/gcc/nios2-elf/4.1.2/../../../../nios2-elf/bin/ld.exe: address 0x186d4 of hello_world.elf section `.onchip_memory2' is not within region `onchip_memory2'
d:/altera/13.0sp1/nios2eds/bin/gnu/h-i686-mingw32/bin/../lib/gcc/nios2-elf/4.1.2/../../../../nios2-elf/bin/ld.exe: address 0x16984 of hello_world.elf section `.rwdata' is not within region `onchip_memory2'
d:/altera/13.0sp1/nios2eds/bin/gnu/h-i686-mingw32/bin/../lib/gcc/nios2-elf/4.1.2/../../../../nios2-elf/bin/ld.exe: address 0x186d4 of hello_world.elf section `.bss' is not within region `onchip_memory2'
d:/altera/13.0sp1/nios2eds/bin/gnu/h-i686-mingw32/bin/../lib/gcc/nios2-elf/4.1.2/../../../../nios2-elf/bin/ld.exe: address 0x186d4 of hello_world.elf section `.onchip_memory2' is not within region `onchip_memory2'
d:/altera/13.0sp1/nios2eds/bin/gnu/h-i686-mingw32/bin/../lib/gcc/nios2-elf/4.1.2/../../../../nios2-elf/bin/ld.exe: region `onchip_memory2' overflowed by 41284 bytes
collect2: ld returned 1 exit status
make: *** [hello_world.elf] Error 1

**** Build Finished ****
