
**** Build of configuration Nios II for project hello_world_1_bsp ****

make all 
      0 [main] pwd 12992 find_fast_cwd: WARNING: Couldn't compute FAST_CWD pointer.  Please report this problem to
the public mailing list cygwin@cygwin.com
      1 [main] sh 10316 find_fast_cwd: WARNING: Couldn't compute FAST_CWD pointer.  Please report this problem to
the public mailing list cygwin@cygwin.com
      0 [main] echo 8056 find_fast_cwd: WARNING: Couldn't compute FAST_CWD pointer.  Please report this problem to
Makefile not up to date.
the public mailing list cygwin@cygwin.com
      1 [main] echo 3444 find_fast_cwd: WARNING: Couldn't compute FAST_CWD pointer.  Please report this problem to
C:/dev/polden-vert/polden-vert-motorControl-cyc4/nios.sopcinfo has been modified since the BSP was generated.
the public mailing list cygwin@cygwin.com
      0 [main] echo 5444 find_fast_cwd: WARNING: Couldn't compute FAST_CWD pointer.  Please report this problem to

the public mailing list cygwin@cygwin.com
      0 [main] echo 5396 find_fast_cwd: WARNING: Couldn't compute FAST_CWD pointer.  Please report this problem to
Generate the BSP to update the Makefile, and then build again.
the public mailing list cygwin@cygwin.com
      1 [main] echo 8996 find_fast_cwd: WARNING: Couldn't compute FAST_CWD pointer.  Please report this problem to

the public mailing list cygwin@cygwin.com
      0 [main] echo 5584 find_fast_cwd: WARNING: Couldn't compute FAST_CWD pointer.  Please report this problem to
To generate from Eclipse:
the public mailing list cygwin@cygwin.com
      0 [main] sh 708 find_fast_cwd: WARNING: Couldn't compute FAST_CWD pointer.  Please report this problem to
the public mailing list cygwin@cygwin.com
 1. Right-click the BSP project.
      1 [main] sh 12616 find_fast_cwd: WARNING: Couldn't compute FAST_CWD pointer.  Please report this problem to
the public mailing list cygwin@cygwin.com
 2. In the Nios II Menu, click Generate BSP.
      1 [main] echo 12660 find_fast_cwd: WARNING: Couldn't compute FAST_CWD pointer.  Please report this problem to

the public mailing list cygwin@cygwin.com
      0 [main] echo 7424 find_fast_cwd: WARNING: Couldn't compute FAST_CWD pointer.  Please report this problem to
To generate from the command line:
the public mailing list cygwin@cygwin.com
      0 [main] sh 6624 find_fast_cwd: WARNING: Couldn't compute FAST_CWD pointer.  Please report this problem to
the public mailing list cygwin@cygwin.com
 nios2-bsp-generate-files --settings=<settings file> --bsp-dir=<target bsp files directory>
      0 [main] echo 2164 find_fast_cwd: WARNING: Couldn't compute FAST_CWD pointer.  Please report this problem to

the public mailing list cygwin@cygwin.com
      0 [main] sh 4716 find_fast_cwd: WARNING: Couldn't compute FAST_CWD pointer.  Please report this problem to
the public mailing list cygwin@cygwin.com
make: *** [public.mk] Error 1

**** Build Finished ****
