
**** Build of configuration Nios II for project hw2 ****

make all 
      0 [main] sh 8664 find_fast_cwd: WARNING: Couldn't compute FAST_CWD pointer.  Please report this problem to
the public mailing list cygwin@cygwin.com
      0 [main] sh 12920 find_fast_cwd: WARNING: Couldn't compute FAST_CWD pointer.  Please report this problem to
the public mailing list cygwin@cygwin.com
      0 [main] echo 7356 find_fast_cwd: WARNING: Couldn't compute FAST_CWD pointer.  Please report this problem to
Info: Building ../hw2_bsp/
the public mailing list cygwin@cygwin.com
make --no-print-directory -C ../hw2_bsp/
      0 [main] pwd 8028 find_fast_cwd: WARNING: Couldn't compute FAST_CWD pointer.  Please report this problem to
the public mailing list cygwin@cygwin.com
      1 [main] sh 11744 find_fast_cwd: WARNING: Couldn't compute FAST_CWD pointer.  Please report this problem to
the public mailing list cygwin@cygwin.com
      0 [main] sh 10376 find_fast_cwd: WARNING: Couldn't compute FAST_CWD pointer.  Please report this problem to
the public mailing list cygwin@cygwin.com
[BSP build complete]
      0 [main] true 9220 find_fast_cwd: WARNING: Couldn't compute FAST_CWD pointer.  Please report this problem to
the public mailing list cygwin@cygwin.com
      0 [main] echo 13056 find_fast_cwd: WARNING: Couldn't compute FAST_CWD pointer.  Please report this problem to
Info: Linking hw2.elf
the public mailing list cygwin@cygwin.com
nios2-elf-g++  -T'../hw2_bsp//linker.x' -msys-crt0='../hw2_bsp//obj/HAL/src/crt0.o' -msys-lib=hal_bsp -L../hw2_bsp/   -Wl,-Map=hw2.map   -O0 -g -Wall   -EL -mno-hw-div -mno-hw-mul -mno-hw-mulx  -o hw2.elf obj/default/hello_world.o -lm 
d:/altera/13.0sp1/nios2eds/bin/gnu/h-i686-mingw32/bin/../lib/gcc/nios2-elf/4.1.2/../../../../nios2-elf/bin/ld.exe: address 0x16f58 of hw2.elf section `.rwdata' is not within region `onchip_memory2'
d:/altera/13.0sp1/nios2eds/bin/gnu/h-i686-mingw32/bin/../lib/gcc/nios2-elf/4.1.2/../../../../nios2-elf/bin/ld.exe: address 0x18c80 of hw2.elf section `.bss' is not within region `onchip_memory2'
d:/altera/13.0sp1/nios2eds/bin/gnu/h-i686-mingw32/bin/../lib/gcc/nios2-elf/4.1.2/../../../../nios2-elf/bin/ld.exe: address 0x18c80 of hw2.elf section `.onchip_memory2' is not within region `onchip_memory2'
d:/altera/13.0sp1/nios2eds/bin/gnu/h-i686-mingw32/bin/../lib/gcc/nios2-elf/4.1.2/../../../../nios2-elf/bin/ld.exe: address 0x16f58 of hw2.elf section `.rwdata' is not within region `onchip_memory2'
d:/altera/13.0sp1/nios2eds/bin/gnu/h-i686-mingw32/bin/../lib/gcc/nios2-elf/4.1.2/../../../../nios2-elf/bin/ld.exe: address 0x18c80 of hw2.elf section `.bss' is not within region `onchip_memory2'
d:/altera/13.0sp1/nios2eds/bin/gnu/h-i686-mingw32/bin/../lib/gcc/nios2-elf/4.1.2/../../../../nios2-elf/bin/ld.exe: address 0x18c80 of hw2.elf section `.onchip_memory2' is not within region `onchip_memory2'
collect2: ld returned 1 exit status
make: *** [hw2.elf] Error 1

**** Build Finished ****
